<?xml version="1.0" encoding="UTF-8"?>
<!-- Generated by org.testng.reporters.JUnitReportReporter -->
<testsuite hostname="pc" failures="0" tests="1" name="testClass.VerifyOrange" time="25.924" errors="0" timestamp="2022-06-06T16:40:10 IST" skipped="0">
  <testcase classname="testClass.VerifyOrange" name="test" time="25.924"/>
  <system-out/>
</testsuite> <!-- testClass.VerifyOrange -->
