<?xml version="1.0" encoding="UTF-8"?>
<!-- Generated by org.testng.reporters.JUnitReportReporter -->
<testsuite hostname="pc" failures="0" tests="1" name="testClass.TestClass" time="0.010" errors="0" timestamp="2022-05-18T22:30:32 IST" skipped="0">
  <testcase classname="testClass.TestClass" name="test" time="0.010"/>
  <system-out/>
</testsuite> <!-- testClass.TestClass -->
